Start testing: Dec 23 02:22 中国标准时间
----------------------------------------------------------
1/2 Testing: test vector
1/2 Test: test vector
Command: "D:/PROGRAMMING/_DSA/Lab1/lab/build/TestSTL.exe" "test vector"
Directory: D:/PROGRAMMING/_DSA/Lab1/lab/build
"test vector" start time: Dec 23 02:22 中国标准时间
Output:
----------------------------------------------------------
Filters: "test vector"
Randomness seeded to: 3442455144
===============================================================================
All tests passed (57 assertions in 1 test case)

<end of output>
Test time =   0.16 sec
----------------------------------------------------------
Test Passed.
"test vector" end time: Dec 23 02:22 中国标准时间
"test vector" time elapsed: 00:00:00
----------------------------------------------------------

2/2 Testing: test list
2/2 Test: test list
Command: "D:/PROGRAMMING/_DSA/Lab1/lab/build/TestSTL.exe" "test list"
Directory: D:/PROGRAMMING/_DSA/Lab1/lab/build
"test list" start time: Dec 23 02:22 中国标准时间
Output:
----------------------------------------------------------
Filters: "test list"
Randomness seeded to: 1721272328
===============================================================================
All tests passed (36 assertions in 1 test case)

<end of output>
Test time =   0.12 sec
----------------------------------------------------------
Test Passed.
"test list" end time: Dec 23 02:22 中国标准时间
"test list" time elapsed: 00:00:00
----------------------------------------------------------

End testing: Dec 23 02:22 中国标准时间
