<?xml version="1.0" encoding="UTF-8"?>
<Site BuildName="Win32-ninja"
	BuildStamp="20241128-0023-Experimental"
	Name="[NON-UTF-8-BYTE-0xC4][NON-UTF-8-BYTE-0xE3][NON-UTF-8-BYTE-0xB4][NON-UTF-8-BYTE-0xF3][NON-UTF-8-BYTE-0xB5][NON-UTF-8-BYTE-0xF9][NON-UTF-8-BYTE-0xB5]ĵ[NON-UTF-8-BYTE-0xE7][NON-UTF-8-BYTE-0xC4][NON-UTF-8-BYTE-0xD4]"
	Generator="ctest-3.29.5-msvc4"
	CompilerName="D:/msys2/clang64/bin/clang++.exe"
	CompilerVersion="18.1.8"
	OSName="Windows"
	Hostname="[NON-UTF-8-BYTE-0xC4][NON-UTF-8-BYTE-0xE3][NON-UTF-8-BYTE-0xB4][NON-UTF-8-BYTE-0xF3][NON-UTF-8-BYTE-0xB5][NON-UTF-8-BYTE-0xF9][NON-UTF-8-BYTE-0xB5]ĵ[NON-UTF-8-BYTE-0xE7][NON-UTF-8-BYTE-0xC4][NON-UTF-8-BYTE-0xD4]"
	OSRelease=" Personal"
	OSVersion=" (Build 22631)"
	OSPlatform="AMD64"
	Is64Bits="1"
	VendorString="GenuineIntel"
	VendorID="Intel Corporation"
	FamilyID="6"
	ModelID="10"
	ProcessorCacheSize="-1"
	NumberOfLogicalCPU="20"
	NumberOfPhysicalCPU="14"
	TotalVirtualMemory="37355"
	TotalPhysicalMemory="32491"
	LogicalProcessorsPerPhysical="1"
	ProcessorClockFrequency="2995"
	>
	<Testing>
		<StartDateTime>Nov 28 08:23 [NON-UTF-8-BYTE-0xD6]й[NON-UTF-8-BYTE-0xFA][NON-UTF-8-BYTE-0xB1][NON-UTF-8-BYTE-0xEA]׼ʱ[NON-UTF-8-BYTE-0xBC][NON-UTF-8-BYTE-0xE4]</StartDateTime>
		<StartTestTime>1732753408</StartTestTime>
		<TestList/>
		<EndDateTime>Nov 28 08:23 [NON-UTF-8-BYTE-0xD6]й[NON-UTF-8-BYTE-0xFA][NON-UTF-8-BYTE-0xB1][NON-UTF-8-BYTE-0xEA]׼ʱ[NON-UTF-8-BYTE-0xBC][NON-UTF-8-BYTE-0xE4]</EndDateTime>
		<EndTestTime>1732753408</EndTestTime>
		<ElapsedMinutes>0</ElapsedMinutes>
	</Testing>
</Site>
